This file contains any messages produced by compilers while
running configure, to aid debugging if configure makes a mistake.

It was created by autogrid configure 4.0.0, which was
generated by GNU Autoconf 2.61.  Invocation command line was

  $ ./configure 

## --------- ##
## Platform. ##
## --------- ##

hostname = cuda
uname -m = x86_64
uname -r = 2.6.27-11-generic
uname -s = Linux
uname -v = #1 SMP Wed Apr 1 20:53:41 UTC 2009

/usr/bin/uname -p = unknown
/bin/uname -X     = unknown

/bin/arch              = unknown
/usr/bin/arch -k       = unknown
/usr/convex/getsysinfo = unknown
/usr/bin/hostinfo      = unknown
/bin/machine           = unknown
/usr/bin/oslevel       = unknown
/bin/universe          = unknown

PATH: /usr/local/sbin
PATH: /usr/local/bin
PATH: /usr/sbin
PATH: /usr/bin
PATH: /sbin
PATH: /bin
PATH: /usr/games


## ----------- ##
## Core tests. ##
## ----------- ##

configure:1789: checking for a BSD-compatible install
configure:1845: result: /usr/bin/install -c
configure:1856: checking whether build environment is sane
configure:1899: result: yes
configure:1927: checking for a thread-safe mkdir -p
configure:1966: result: /bin/mkdir -p
configure:1979: checking for gawk
configure:2009: result: no
configure:1979: checking for mawk
configure:1995: found /usr/bin/mawk
configure:2006: result: mawk
configure:2017: checking whether make sets $(MAKE)
configure:2038: result: yes
configure:2286: checking for g++
configure:2302: found /usr/bin/g++
configure:2313: result: g++
configure:2344: checking for C++ compiler version
configure:2351: g++ --version >&5
g++ (Ubuntu 4.3.2-1ubuntu12) 4.3.2
Copyright (C) 2008 Free Software Foundation, Inc.
This is free software; see the source for copying conditions.  There is NO
warranty; not even for MERCHANTABILITY or FITNESS FOR A PARTICULAR PURPOSE.

configure:2354: $? = 0
configure:2361: g++ -v >&5
Using built-in specs.
Target: x86_64-linux-gnu
Configured with: ../src/configure -v --with-pkgversion='Ubuntu 4.3.2-1ubuntu12' --with-bugurl=file:///usr/share/doc/gcc-4.3/README.Bugs --enable-languages=c,c++,fortran,objc,obj-c++ --prefix=/usr --enable-shared --with-system-zlib --libexecdir=/usr/lib --without-included-gettext --enable-threads=posix --enable-nls --with-gxx-include-dir=/usr/include/c++/4.3 --program-suffix=-4.3 --enable-clocale=gnu --enable-libstdcxx-debug --enable-objc-gc --enable-mpfr --enable-checking=release --build=x86_64-linux-gnu --host=x86_64-linux-gnu --target=x86_64-linux-gnu
Thread model: posix
gcc version 4.3.2 (Ubuntu 4.3.2-1ubuntu12) 
configure:2364: $? = 0
configure:2371: g++ -V >&5
g++: '-V' option must have argument
configure:2374: $? = 1
configure:2397: checking for C++ compiler default output file name
configure:2424: g++    conftest.cpp  >&5
configure:2427: $? = 0
configure:2465: result: a.out
configure:2482: checking whether the C++ compiler works
configure:2492: ./a.out
configure:2495: $? = 0
configure:2512: result: yes
configure:2519: checking whether we are cross compiling
configure:2521: result: no
configure:2524: checking for suffix of executables
configure:2531: g++ -o conftest    conftest.cpp  >&5
configure:2534: $? = 0
configure:2558: result: 
configure:2564: checking for suffix of object files
configure:2590: g++ -c   conftest.cpp >&5
configure:2593: $? = 0
configure:2616: result: o
configure:2620: checking whether we are using the GNU C++ compiler
configure:2649: g++ -c   conftest.cpp >&5
configure:2655: $? = 0
configure:2672: result: yes
configure:2677: checking whether g++ accepts -g
configure:2707: g++ -c -g  conftest.cpp >&5
configure:2713: $? = 0
configure:2812: result: yes
configure:2846: checking for style of include used by make
configure:2874: result: GNU
configure:2899: checking dependency style of g++
configure:2990: result: gcc3
configure:3055: checking for gcc
configure:3071: found /usr/bin/gcc
configure:3082: result: gcc
configure:3320: checking for C compiler version
configure:3327: gcc --version >&5
gcc (Ubuntu 4.3.2-1ubuntu12) 4.3.2
Copyright (C) 2008 Free Software Foundation, Inc.
This is free software; see the source for copying conditions.  There is NO
warranty; not even for MERCHANTABILITY or FITNESS FOR A PARTICULAR PURPOSE.

configure:3330: $? = 0
configure:3337: gcc -v >&5
Using built-in specs.
Target: x86_64-linux-gnu
Configured with: ../src/configure -v --with-pkgversion='Ubuntu 4.3.2-1ubuntu12' --with-bugurl=file:///usr/share/doc/gcc-4.3/README.Bugs --enable-languages=c,c++,fortran,objc,obj-c++ --prefix=/usr --enable-shared --with-system-zlib --libexecdir=/usr/lib --without-included-gettext --enable-threads=posix --enable-nls --with-gxx-include-dir=/usr/include/c++/4.3 --program-suffix=-4.3 --enable-clocale=gnu --enable-libstdcxx-debug --enable-objc-gc --enable-mpfr --enable-checking=release --build=x86_64-linux-gnu --host=x86_64-linux-gnu --target=x86_64-linux-gnu
Thread model: posix
gcc version 4.3.2 (Ubuntu 4.3.2-1ubuntu12) 
configure:3340: $? = 0
configure:3347: gcc -V >&5
gcc: '-V' option must have argument
configure:3350: $? = 1
configure:3353: checking whether we are using the GNU C compiler
configure:3382: gcc -c   conftest.c >&5
configure:3388: $? = 0
configure:3405: result: yes
configure:3410: checking whether gcc accepts -g
configure:3440: gcc -c -g  conftest.c >&5
configure:3446: $? = 0
configure:3545: result: yes
configure:3562: checking for gcc option to accept ISO C89
configure:3636: gcc  -c -g -O2  conftest.c >&5
configure:3642: $? = 0
configure:3665: result: none needed
configure:3685: checking dependency style of gcc
configure:3776: result: gcc3
configure:3793: checking for sqrt in -lm
configure:3828: gcc -o conftest -g -O2   conftest.c -lm   >&5
conftest.c:17: warning: conflicting types for built-in function 'sqrt'
configure:3834: $? = 0
configure:3852: result: yes
configure:3870: checking how to run the C preprocessor
configure:3910: gcc -E  conftest.c
configure:3916: $? = 0
configure:3947: gcc -E  conftest.c
conftest.c:11:28: error: ac_nonexistent.h: No such file or directory
configure:3953: $? = 1
configure: failed program was:
| /* confdefs.h.  */
| #define PACKAGE_NAME "autogrid"
| #define PACKAGE_TARNAME "autogrid"
| #define PACKAGE_VERSION "4.0.0"
| #define PACKAGE_STRING "autogrid 4.0.0"
| #define PACKAGE_BUGREPORT "autodock@scripps.edu"
| #define PACKAGE "autogrid"
| #define VERSION "4.0.0"
| #define HAVE_LIBM 1
| /* end confdefs.h.  */
| #include <ac_nonexistent.h>
configure:3986: result: gcc -E
configure:4015: gcc -E  conftest.c
configure:4021: $? = 0
configure:4052: gcc -E  conftest.c
conftest.c:11:28: error: ac_nonexistent.h: No such file or directory
configure:4058: $? = 1
configure: failed program was:
| /* confdefs.h.  */
| #define PACKAGE_NAME "autogrid"
| #define PACKAGE_TARNAME "autogrid"
| #define PACKAGE_VERSION "4.0.0"
| #define PACKAGE_STRING "autogrid 4.0.0"
| #define PACKAGE_BUGREPORT "autodock@scripps.edu"
| #define PACKAGE "autogrid"
| #define VERSION "4.0.0"
| #define HAVE_LIBM 1
| /* end confdefs.h.  */
| #include <ac_nonexistent.h>
configure:4096: checking for grep that handles long lines and -e
configure:4170: result: /bin/grep
configure:4175: checking for egrep
configure:4253: result: /bin/grep -E
configure:4258: checking for ANSI C header files
configure:4288: gcc -c -g -O2  conftest.c >&5
configure:4294: $? = 0
configure:4393: gcc -o conftest -g -O2   conftest.c -lm  >&5
configure:4396: $? = 0
configure:4402: ./conftest
configure:4405: $? = 0
configure:4422: result: yes
configure:4449: checking for sys/types.h
configure:4470: gcc -c -g -O2  conftest.c >&5
configure:4476: $? = 0
configure:4492: result: yes
configure:4449: checking for sys/stat.h
configure:4470: gcc -c -g -O2  conftest.c >&5
configure:4476: $? = 0
configure:4492: result: yes
configure:4449: checking for stdlib.h
configure:4470: gcc -c -g -O2  conftest.c >&5
configure:4476: $? = 0
configure:4492: result: yes
configure:4449: checking for string.h
configure:4470: gcc -c -g -O2  conftest.c >&5
configure:4476: $? = 0
configure:4492: result: yes
configure:4449: checking for memory.h
configure:4470: gcc -c -g -O2  conftest.c >&5
configure:4476: $? = 0
configure:4492: result: yes
configure:4449: checking for strings.h
configure:4470: gcc -c -g -O2  conftest.c >&5
configure:4476: $? = 0
configure:4492: result: yes
configure:4449: checking for inttypes.h
configure:4470: gcc -c -g -O2  conftest.c >&5
configure:4476: $? = 0
configure:4492: result: yes
configure:4449: checking for stdint.h
configure:4470: gcc -c -g -O2  conftest.c >&5
configure:4476: $? = 0
configure:4492: result: yes
configure:4449: checking for unistd.h
configure:4470: gcc -c -g -O2  conftest.c >&5
configure:4476: $? = 0
configure:4492: result: yes
configure:4504: checking for stdbool.h that conforms to C99
configure:4597: gcc -c -g -O2  conftest.c >&5
configure:4603: $? = 0
configure:4618: result: yes
configure:4620: checking for _Bool
configure:4650: gcc -c -g -O2  conftest.c >&5
configure:4656: $? = 0
configure:4671: result: yes
configure:4690: checking for an ANSI C-conforming const
configure:4765: gcc -c -g -O2  conftest.c >&5
configure:4771: $? = 0
configure:4786: result: yes
configure:4796: checking whether struct tm is in sys/time.h or time.h
configure:4826: gcc -c -g -O2  conftest.c >&5
configure:4832: $? = 0
configure:4847: result: time.h
configure:4864: checking for stdlib.h
configure:4870: result: yes
configure:5004: checking for GNU libc compatible malloc
configure:5038: gcc -o conftest -g -O2   conftest.c -lm  >&5
configure:5041: $? = 0
configure:5047: ./conftest
configure:5050: $? = 0
configure:5066: result: yes
configure:5102: checking for gethostname
configure:5158: gcc -o conftest -g -O2   conftest.c -lm  >&5
configure:5164: $? = 0
configure:5182: result: yes
configure:5102: checking for pow
configure:5158: gcc -o conftest -g -O2   conftest.c -lm  >&5
conftest.c:49: warning: conflicting types for built-in function 'pow'
configure:5164: $? = 0
configure:5182: result: yes
configure:5102: checking for round
configure:5158: gcc -o conftest -g -O2   conftest.c -lm  >&5
conftest.c:50: warning: conflicting types for built-in function 'round'
configure:5164: $? = 0
configure:5182: result: yes
configure:5102: checking for sqrt
configure:5158: gcc -o conftest -g -O2   conftest.c -lm  >&5
conftest.c:51: warning: conflicting types for built-in function 'sqrt'
configure:5164: $? = 0
configure:5182: result: yes
configure:5102: checking for strncasecmp
configure:5158: gcc -o conftest -g -O2   conftest.c -lm  >&5
conftest.c:52: warning: conflicting types for built-in function 'strncasecmp'
configure:5164: $? = 0
configure:5182: result: yes
configure:5370: creating ./config.status

## ---------------------- ##
## Running config.status. ##
## ---------------------- ##

This file was extended by autogrid config.status 4.0.0, which was
generated by GNU Autoconf 2.61.  Invocation command line was

  CONFIG_FILES    = 
  CONFIG_HEADERS  = 
  CONFIG_LINKS    = 
  CONFIG_COMMANDS = 
  $ ./config.status 

on cuda

config.status:626: creating Makefile
config.status:817: executing depfiles commands

## ---------------- ##
## Cache variables. ##
## ---------------- ##

ac_cv_c_compiler_gnu=yes
ac_cv_c_const=yes
ac_cv_cxx_compiler_gnu=yes
ac_cv_env_CCC_set=
ac_cv_env_CCC_value=
ac_cv_env_CC_set=
ac_cv_env_CC_value=
ac_cv_env_CFLAGS_set=
ac_cv_env_CFLAGS_value=
ac_cv_env_CPPFLAGS_set=
ac_cv_env_CPPFLAGS_value=
ac_cv_env_CPP_set=
ac_cv_env_CPP_value=
ac_cv_env_CXXFLAGS_set=
ac_cv_env_CXXFLAGS_value=
ac_cv_env_CXX_set=
ac_cv_env_CXX_value=
ac_cv_env_LDFLAGS_set=
ac_cv_env_LDFLAGS_value=
ac_cv_env_LIBS_set=
ac_cv_env_LIBS_value=
ac_cv_env_build_alias_set=
ac_cv_env_build_alias_value=
ac_cv_env_host_alias_set=
ac_cv_env_host_alias_value=
ac_cv_env_target_alias_set=
ac_cv_env_target_alias_value=
ac_cv_func_gethostname=yes
ac_cv_func_malloc_0_nonnull=yes
ac_cv_func_pow=yes
ac_cv_func_round=yes
ac_cv_func_sqrt=yes
ac_cv_func_strncasecmp=yes
ac_cv_header_inttypes_h=yes
ac_cv_header_memory_h=yes
ac_cv_header_stdbool_h=yes
ac_cv_header_stdc=yes
ac_cv_header_stdint_h=yes
ac_cv_header_stdlib_h=yes
ac_cv_header_string_h=yes
ac_cv_header_strings_h=yes
ac_cv_header_sys_stat_h=yes
ac_cv_header_sys_types_h=yes
ac_cv_header_unistd_h=yes
ac_cv_lib_m_sqrt=yes
ac_cv_objext=o
ac_cv_path_EGREP='/bin/grep -E'
ac_cv_path_GREP=/bin/grep
ac_cv_path_install='/usr/bin/install -c'
ac_cv_path_mkdir=/bin/mkdir
ac_cv_prog_AWK=mawk
ac_cv_prog_CPP='gcc -E'
ac_cv_prog_ac_ct_CC=gcc
ac_cv_prog_ac_ct_CXX=g++
ac_cv_prog_cc_c89=
ac_cv_prog_cc_g=yes
ac_cv_prog_cxx_g=yes
ac_cv_prog_make_make_set=yes
ac_cv_struct_tm=time.h
ac_cv_type__Bool=yes
am_cv_CC_dependencies_compiler_type=gcc3
am_cv_CXX_dependencies_compiler_type=gcc3

## ----------------- ##
## Output variables. ##
## ----------------- ##

ACLOCAL='${SHELL} /home/eosie/svnroot/autogrid_original_r1_tag/autogrid-4.0.0/missing --run aclocal-1.10'
AMDEPBACKSLASH='\'
AMDEP_FALSE='#'
AMDEP_TRUE=''
AMTAR='${SHELL} /home/eosie/svnroot/autogrid_original_r1_tag/autogrid-4.0.0/missing --run tar'
AUTOCONF='${SHELL} /home/eosie/svnroot/autogrid_original_r1_tag/autogrid-4.0.0/missing --run autoconf'
AUTOHEADER='${SHELL} /home/eosie/svnroot/autogrid_original_r1_tag/autogrid-4.0.0/missing --run autoheader'
AUTOMAKE='${SHELL} /home/eosie/svnroot/autogrid_original_r1_tag/autogrid-4.0.0/missing --run automake-1.10'
AWK='mawk'
CC='gcc'
CCDEPMODE='depmode=gcc3'
CFLAGS='-g -O2'
CPP='gcc -E'
CPPFLAGS=''
CXX='g++'
CXXDEPMODE='depmode=gcc3'
CXXFLAGS='-g -O2'
CYGPATH_W='echo'
DEFS='-DPACKAGE_NAME=\"autogrid\" -DPACKAGE_TARNAME=\"autogrid\" -DPACKAGE_VERSION=\"4.0.0\" -DPACKAGE_STRING=\"autogrid\ 4.0.0\" -DPACKAGE_BUGREPORT=\"autodock@scripps.edu\" -DPACKAGE=\"autogrid\" -DVERSION=\"4.0.0\" -DHAVE_LIBM=1 -DSTDC_HEADERS=1 -DHAVE_SYS_TYPES_H=1 -DHAVE_SYS_STAT_H=1 -DHAVE_STDLIB_H=1 -DHAVE_STRING_H=1 -DHAVE_MEMORY_H=1 -DHAVE_STRINGS_H=1 -DHAVE_INTTYPES_H=1 -DHAVE_STDINT_H=1 -DHAVE_UNISTD_H=1 -DHAVE__BOOL=1 -DHAVE_STDBOOL_H=1 -DHAVE_STDLIB_H=1 -DHAVE_MALLOC=1 -DHAVE_GETHOSTNAME=1 -DHAVE_POW=1 -DHAVE_ROUND=1 -DHAVE_SQRT=1 -DHAVE_STRNCASECMP=1'
DEPDIR='.deps'
ECHO_C=''
ECHO_N='-n'
ECHO_T=''
EGREP='/bin/grep -E'
EXEEXT=''
GREP='/bin/grep'
INSTALL_DATA='${INSTALL} -m 644'
INSTALL_PROGRAM='${INSTALL}'
INSTALL_SCRIPT='${INSTALL}'
INSTALL_STRIP_PROGRAM='$(install_sh) -c -s'
LDFLAGS=''
LIBOBJS=''
LIBS='-lm '
LTLIBOBJS=''
MAKEINFO='${SHELL} /home/eosie/svnroot/autogrid_original_r1_tag/autogrid-4.0.0/missing --run makeinfo'
OBJEXT='o'
PACKAGE='autogrid'
PACKAGE_BUGREPORT='autodock@scripps.edu'
PACKAGE_NAME='autogrid'
PACKAGE_STRING='autogrid 4.0.0'
PACKAGE_TARNAME='autogrid'
PACKAGE_VERSION='4.0.0'
PATH_SEPARATOR=':'
SET_MAKE=''
SHELL='/bin/bash'
STRIP=''
VERSION='4.0.0'
WANT_BIGSTACK_FALSE=''
WANT_BIGSTACK_TRUE='#'
ac_ct_CC='gcc'
ac_ct_CXX='g++'
am__fastdepCC_FALSE='#'
am__fastdepCC_TRUE=''
am__fastdepCXX_FALSE='#'
am__fastdepCXX_TRUE=''
am__include='include'
am__isrc=''
am__leading_dot='.'
am__quote=''
am__tar='${AMTAR} chof - "$$tardir"'
am__untar='${AMTAR} xf -'
bindir='${exec_prefix}/bin'
build_alias=''
datadir='${datarootdir}'
datarootdir='${prefix}/share'
docdir='${datarootdir}/doc/${PACKAGE_TARNAME}'
dvidir='${docdir}'
exec_prefix='${prefix}'
host_alias=''
htmldir='${docdir}'
includedir='${prefix}/include'
infodir='${datarootdir}/info'
install_sh='$(SHELL) /home/eosie/svnroot/autogrid_original_r1_tag/autogrid-4.0.0/install-sh'
libdir='${exec_prefix}/lib'
libexecdir='${exec_prefix}/libexec'
localedir='${datarootdir}/locale'
localstatedir='${prefix}/var'
mandir='${datarootdir}/man'
mkdir_p='/bin/mkdir -p'
oldincludedir='/usr/include'
pdfdir='${docdir}'
prefix='/usr/local'
program_transform_name='s,x,x,'
psdir='${docdir}'
sbindir='${exec_prefix}/sbin'
sharedstatedir='${prefix}/com'
sysconfdir='${prefix}/etc'
target_alias=''

## ----------- ##
## confdefs.h. ##
## ----------- ##

#define PACKAGE_NAME "autogrid"
#define PACKAGE_TARNAME "autogrid"
#define PACKAGE_VERSION "4.0.0"
#define PACKAGE_STRING "autogrid 4.0.0"
#define PACKAGE_BUGREPORT "autodock@scripps.edu"
#define PACKAGE "autogrid"
#define VERSION "4.0.0"
#define HAVE_LIBM 1
#define STDC_HEADERS 1
#define HAVE_SYS_TYPES_H 1
#define HAVE_SYS_STAT_H 1
#define HAVE_STDLIB_H 1
#define HAVE_STRING_H 1
#define HAVE_MEMORY_H 1
#define HAVE_STRINGS_H 1
#define HAVE_INTTYPES_H 1
#define HAVE_STDINT_H 1
#define HAVE_UNISTD_H 1
#define HAVE__BOOL 1
#define HAVE_STDBOOL_H 1
#define HAVE_STDLIB_H 1
#define HAVE_MALLOC 1
#define HAVE_GETHOSTNAME 1
#define HAVE_POW 1
#define HAVE_ROUND 1
#define HAVE_SQRT 1
#define HAVE_STRNCASECMP 1

configure: exit 0
